[debug] [2025-05-22T05:37:47.913Z] ----------------------------------------------------------------------
[debug] [2025-05-22T05:37:47.916Z] Command:       C:\Program Files\nodejs\node.exe C:\Users\facu_\AppData\Roaming\npm\node_modules\firebase-tools\lib\bin\firebase.js deploy
[debug] [2025-05-22T05:37:47.916Z] CLI Version:   14.4.0
[debug] [2025-05-22T05:37:47.916Z] Platform:      win32
[debug] [2025-05-22T05:37:47.916Z] Node Version:  v22.15.0
[debug] [2025-05-22T05:37:47.917Z] Time:          Thu May 22 2025 02:37:47 GMT-0300 (hora estándar de Argentina)
[debug] [2025-05-22T05:37:47.917Z] ----------------------------------------------------------------------
[debug] 
[debug] [2025-05-22T05:37:48.115Z] > command requires scopes: ["email","openid","https://www.googleapis.com/auth/cloudplatformprojects.readonly","https://www.googleapis.com/auth/firebase","https://www.googleapis.com/auth/cloud-platform"]
[debug] [2025-05-22T05:37:48.115Z] > authorizing via signed-in user (facu.zero@gmail.com)
[debug] [2025-05-22T05:37:48.116Z] [iam] checking project apligood2025 for permissions ["firebase.projects.get","firebasehosting.sites.update","firebaserules.releases.create","firebaserules.releases.update","firebaserules.rulesets.create"]
[debug] [2025-05-22T05:37:48.117Z] Checked if tokens are valid: false, expires at: 1747867374748
[debug] [2025-05-22T05:37:48.117Z] Checked if tokens are valid: false, expires at: 1747867374748
[debug] [2025-05-22T05:37:48.117Z] > refreshing access token with scopes: []
[debug] [2025-05-22T05:37:48.119Z] >>> [apiv2][query] POST https://www.googleapis.com/oauth2/v3/token [none]
[debug] [2025-05-22T05:37:48.119Z] >>> [apiv2][body] POST https://www.googleapis.com/oauth2/v3/token [omitted]
[debug] [2025-05-22T05:37:48.416Z] <<< [apiv2][status] POST https://www.googleapis.com/oauth2/v3/token 200
[debug] [2025-05-22T05:37:48.416Z] <<< [apiv2][body] POST https://www.googleapis.com/oauth2/v3/token [omitted]
[debug] [2025-05-22T05:37:48.422Z] >>> [apiv2][query] POST https://cloudresourcemanager.googleapis.com/v1/projects/apligood2025:testIamPermissions [none]
[debug] [2025-05-22T05:37:48.422Z] >>> [apiv2][(partial)header] POST https://cloudresourcemanager.googleapis.com/v1/projects/apligood2025:testIamPermissions x-goog-quota-user=projects/apligood2025
[debug] [2025-05-22T05:37:48.422Z] >>> [apiv2][body] POST https://cloudresourcemanager.googleapis.com/v1/projects/apligood2025:testIamPermissions {"permissions":["firebase.projects.get","firebasehosting.sites.update","firebaserules.releases.create","firebaserules.releases.update","firebaserules.rulesets.create"]}
[debug] [2025-05-22T05:37:49.346Z] <<< [apiv2][status] POST https://cloudresourcemanager.googleapis.com/v1/projects/apligood2025:testIamPermissions 200
[debug] [2025-05-22T05:37:49.346Z] <<< [apiv2][body] POST https://cloudresourcemanager.googleapis.com/v1/projects/apligood2025:testIamPermissions {"permissions":["firebase.projects.get","firebasehosting.sites.update","firebaserules.releases.create","firebaserules.releases.update","firebaserules.rulesets.create"]}
[debug] [2025-05-22T05:37:49.347Z] Checked if tokens are valid: true, expires at: 1747895867416
[debug] [2025-05-22T05:37:49.347Z] Checked if tokens are valid: true, expires at: 1747895867416
[debug] [2025-05-22T05:37:49.347Z] >>> [apiv2][query] GET https://firebase.googleapis.com/v1beta1/projects/apligood2025 [none]
[debug] [2025-05-22T05:37:49.754Z] <<< [apiv2][status] GET https://firebase.googleapis.com/v1beta1/projects/apligood2025 200
[debug] [2025-05-22T05:37:49.754Z] <<< [apiv2][body] GET https://firebase.googleapis.com/v1beta1/projects/apligood2025 {"projectId":"apligood2025","projectNumber":"820543904439","displayName":"apligood2025","name":"projects/apligood2025","resources":{"hostingSite":"apligood2025"},"state":"ACTIVE","etag":"1_6243effd-e4b5-4416-899c-30742dec5695"}
[info] 
[info] === Deploying to 'apligood2025'...
[info] 
[info] i  deploying storage, hosting 
[info] i  storage: ensuring required API firebasestorage.googleapis.com is enabled... 
[debug] [2025-05-22T05:37:49.758Z] Checked if tokens are valid: true, expires at: 1747895867416
[debug] [2025-05-22T05:37:49.758Z] Checked if tokens are valid: true, expires at: 1747895867416
[debug] [2025-05-22T05:37:49.759Z] >>> [apiv2][query] GET https://serviceusage.googleapis.com/v1/projects/apligood2025/services/firebasestorage.googleapis.com [none]
[debug] [2025-05-22T05:37:49.759Z] >>> [apiv2][(partial)header] GET https://serviceusage.googleapis.com/v1/projects/apligood2025/services/firebasestorage.googleapis.com x-goog-quota-user=projects/apligood2025
[debug] [2025-05-22T05:37:50.880Z] <<< [apiv2][status] GET https://serviceusage.googleapis.com/v1/projects/apligood2025/services/firebasestorage.googleapis.com 200
[debug] [2025-05-22T05:37:50.881Z] <<< [apiv2][body] GET https://serviceusage.googleapis.com/v1/projects/apligood2025/services/firebasestorage.googleapis.com [omitted]
[info] +  storage: required API firebasestorage.googleapis.com is enabled 
[debug] [2025-05-22T05:37:50.881Z] Checked if tokens are valid: true, expires at: 1747895867416
[debug] [2025-05-22T05:37:50.881Z] Checked if tokens are valid: true, expires at: 1747895867416
[debug] [2025-05-22T05:37:50.881Z] >>> [apiv2][query] GET https://firebasestorage.googleapis.com/v1alpha/projects/apligood2025/defaultBucket [none]
[debug] [2025-05-22T05:37:51.981Z] <<< [apiv2][status] GET https://firebasestorage.googleapis.com/v1alpha/projects/apligood2025/defaultBucket 200
[debug] [2025-05-22T05:37:51.982Z] <<< [apiv2][body] GET https://firebasestorage.googleapis.com/v1alpha/projects/apligood2025/defaultBucket {"name":"projects/apligood2025/defaultBucket","location":"US-CENTRAL1","bucket":{"name":"projects/apligood2025/buckets/apligood2025.firebasestorage.app"},"storageClass":"REGIONAL"}
[info] i  firebase.storage: checking storage.rules for compilation errors... 
[debug] [2025-05-22T05:37:51.983Z] Checked if tokens are valid: true, expires at: 1747895867416
[debug] [2025-05-22T05:37:51.983Z] Checked if tokens are valid: true, expires at: 1747895867416
[debug] [2025-05-22T05:37:51.983Z] >>> [apiv2][query] POST https://firebaserules.googleapis.com/v1/projects/apligood2025:test [none]
[debug] [2025-05-22T05:37:51.983Z] >>> [apiv2][body] POST https://firebaserules.googleapis.com/v1/projects/apligood2025:test [omitted]
[debug] [2025-05-22T05:37:53.009Z] <<< [apiv2][status] POST https://firebaserules.googleapis.com/v1/projects/apligood2025:test 200
[debug] [2025-05-22T05:37:53.009Z] <<< [apiv2][body] POST https://firebaserules.googleapis.com/v1/projects/apligood2025:test {}
[info] +  firebase.storage: rules file storage.rules compiled successfully 
[debug] [2025-05-22T05:37:53.011Z] Checked if tokens are valid: true, expires at: 1747895867416
[debug] [2025-05-22T05:37:53.012Z] Checked if tokens are valid: true, expires at: 1747895867416
[debug] [2025-05-22T05:37:53.012Z] >>> [apiv2][query] POST https://firebasehosting.googleapis.com/v1beta1/projects/-/sites/apligood2025/versions [none]
[debug] [2025-05-22T05:37:53.012Z] >>> [apiv2][body] POST https://firebasehosting.googleapis.com/v1beta1/projects/-/sites/apligood2025/versions {"status":"CREATED","labels":{"deployment-tool":"cli-firebase"}}
[debug] [2025-05-22T05:37:55.126Z] <<< [apiv2][status] POST https://firebasehosting.googleapis.com/v1beta1/projects/-/sites/apligood2025/versions 200
[debug] [2025-05-22T05:37:55.126Z] <<< [apiv2][body] POST https://firebasehosting.googleapis.com/v1beta1/projects/-/sites/apligood2025/versions {"name":"projects/820543904439/sites/apligood2025/versions/4086b0d022bf89fd","status":"CREATED","config":{},"labels":{"deployment-tool":"cli-firebase"}}
[debug] [2025-05-22T05:37:55.127Z] Checked if tokens are valid: true, expires at: 1747895867416
[debug] [2025-05-22T05:37:55.127Z] Checked if tokens are valid: true, expires at: 1747895867416
[debug] [2025-05-22T05:37:55.127Z] >>> [apiv2][query] GET https://firebaserules.googleapis.com/v1/projects/apligood2025/releases pageSize=10&pageToken=
[debug] [2025-05-22T05:37:56.011Z] <<< [apiv2][status] GET https://firebaserules.googleapis.com/v1/projects/apligood2025/releases 200
[debug] [2025-05-22T05:37:56.011Z] <<< [apiv2][body] GET https://firebaserules.googleapis.com/v1/projects/apligood2025/releases {"releases":[{"name":"projects/apligood2025/releases/cloud.firestore","rulesetName":"projects/apligood2025/rulesets/ff507864-7289-438b-a9ea-ad65d2d7459f","createTime":"2025-05-06T04:07:57.722107Z","updateTime":"2025-05-06T04:41:15.047814Z"},{"name":"projects/apligood2025/releases/firebase.storage/apligood2025.firebasestorage.app","rulesetName":"projects/apligood2025/rulesets/342622f4-3c65-4081-82ef-2626452148e3","createTime":"2025-05-06T23:44:39.678435Z","updateTime":"2025-05-21T21:43:08.153661Z"}]}
[debug] [2025-05-22T05:37:56.021Z] Checked if tokens are valid: true, expires at: 1747895867416
[debug] [2025-05-22T05:37:56.021Z] Checked if tokens are valid: true, expires at: 1747895867416
[debug] [2025-05-22T05:37:56.021Z] >>> [apiv2][query] GET https://firebaserules.googleapis.com/v1/projects/apligood2025/rulesets/342622f4-3c65-4081-82ef-2626452148e3 [none]
